<?xml version="1.0" encoding="UTF-8"?>
<testng-results ignored="0" total="1" passed="1" failed="0" skipped="0">
  <reporter-output>
  </reporter-output>
  <suite started-at="2025-03-25T16:38:03 IST" name="Default suite" finished-at="2025-03-25T16:38:09 IST" duration-ms="6113">
    <groups>
    </groups>
    <test started-at="2025-03-25T16:38:03 IST" name="Default test" finished-at="2025-03-25T16:38:09 IST" duration-ms="6113">
      <class name="testScripts.WebTableTest">
        <test-method signature="dynamicWebTable()[pri:0, instance:testScripts.WebTableTest@791f145a]" started-at="2025-03-25T16:38:03 IST" name="dynamicWebTable" finished-at="2025-03-25T16:38:09 IST" duration-ms="6051" status="PASS">
          <reporter-output>
          </reporter-output>
        </test-method> <!-- dynamicWebTable -->
      </class> <!-- testScripts.WebTableTest -->
    </test> <!-- Default test -->
  </suite> <!-- Default suite -->
</testng-results>
